<?xml version="1.0" encoding="UTF-8"?>
<!-- Generated by org.testng.reporters.JUnitReportReporter -->
<testsuite skipped="0" hostname="AshishBajaj-PC" name="com.testpackage.TestClass1" tests="4" failures="0" timestamp="04 Oct 2018 13:24:29 GMT" time="0.011" errors="0">
  <testcase name="a1" time="0.010" classname="com.testpackage.TestClass1"/>
  <testcase name="a2" time="0.000" classname="com.testpackage.TestClass1"/>
  <testcase name="a4" time="0.000" classname="com.testpackage.TestClass1"/>
  <testcase name="a3" time="0.001" classname="com.testpackage.TestClass1"/>
</testsuite> <!-- com.testpackage.TestClass1 -->
